!SESSION 2020-10-25 11:50:25.932 -----------------------------------------------
eclipse.buildId=unknown
java.version=15
java.vendor=Oracle Corporation
BootLoader constants: OS=win32, ARCH=x86_64, WS=win32, NL=de_DE
Framework arguments:  -product com.example.e4.rcp.product -clearPersistedState
Command-line arguments:  -product com.example.e4.rcp.product -data G:\Softwareprojekt\FB-Pars_RCP/../runtime-com.example.e4.rcp.product -dev file:G:/Softwareprojekt/FB-Pars_RCP/.metadata/.plugins/org.eclipse.pde.core/com.example.e4.rcp.product/dev.properties -os win32 -ws win32 -arch x86_64 -consoleLog -clearPersistedState

!ENTRY org.eclipse.equinox.app 0 0 2020-10-25 11:50:26.982
!MESSAGE Product com.example.e4.rcp.product could not be found.

!ENTRY com.example.e4.rcp 2 0 2020-10-25 11:50:27.015
!MESSAGE Could not resolve module: com.example.e4.rcp [70]
  Unresolved requirement: Require-Bundle: org.eclipse.fx.ui.controls; bundle-version="3.6.0"


!ENTRY org.eclipse.osgi 4 0 2020-10-25 11:50:27.027
!MESSAGE Application error
!STACK 1
java.lang.RuntimeException: No application id has been found.
	at org.eclipse.equinox.internal.app.EclipseAppContainer.startDefaultApp(EclipseAppContainer.java:246)
	at org.eclipse.equinox.internal.app.MainApplicationLauncher.run(MainApplicationLauncher.java:33)
	at org.eclipse.core.runtime.internal.adaptor.EclipseAppLauncher.runApplication(EclipseAppLauncher.java:134)
	at org.eclipse.core.runtime.internal.adaptor.EclipseAppLauncher.start(EclipseAppLauncher.java:104)
	at org.eclipse.core.runtime.adaptor.EclipseStarter.run(EclipseStarter.java:401)
	at org.eclipse.core.runtime.adaptor.EclipseStarter.run(EclipseStarter.java:255)
	at java.base/jdk.internal.reflect.NativeMethodAccessorImpl.invoke0(Native Method)
	at java.base/jdk.internal.reflect.NativeMethodAccessorImpl.invoke(NativeMethodAccessorImpl.java:64)
	at java.base/jdk.internal.reflect.DelegatingMethodAccessorImpl.invoke(DelegatingMethodAccessorImpl.java:43)
	at java.base/java.lang.reflect.Method.invoke(Method.java:564)
	at org.eclipse.equinox.launcher.Main.invokeFramework(Main.java:657)
	at org.eclipse.equinox.launcher.Main.basicRun(Main.java:594)
	at org.eclipse.equinox.launcher.Main.run(Main.java:1465)
	at org.eclipse.equinox.launcher.Main.main(Main.java:1438)
