2020-10-23 13:35:59,344 [Worker-3: Loading available Gradle versions] INFO  o.e.b.c.i.u.g.PublishedGradleVersions - Gradle version information cache is out-of-date. Trying to update.
2020-10-23 13:36:53,732 [Worker-6: Loading available Gradle versions] INFO  o.e.b.c.i.u.g.PublishedGradleVersions - Gradle version information cache is up-to-date. Trying to read.
2020-10-23 15:19:48,434 [Worker-1: Loading available Gradle versions] INFO  o.e.b.c.i.u.g.PublishedGradleVersions - Gradle version information cache is up-to-date. Trying to read.
2020-10-23 15:56:26,098 [Worker-1: Loading available Gradle versions] INFO  o.e.b.c.i.u.g.PublishedGradleVersions - Gradle version information cache is up-to-date. Trying to read.
2020-10-24 11:05:14,116 [Worker-2: Loading available Gradle versions] INFO  o.e.b.c.i.u.g.PublishedGradleVersions - Gradle version information cache is up-to-date. Trying to read.
2020-10-24 11:09:23,058 [Worker-1: Loading available Gradle versions] INFO  o.e.b.c.i.u.g.PublishedGradleVersions - Gradle version information cache is up-to-date. Trying to read.
2020-10-24 11:10:45,324 [Worker-2: Loading available Gradle versions] INFO  o.e.b.c.i.u.g.PublishedGradleVersions - Gradle version information cache is up-to-date. Trying to read.
2020-10-25 11:14:44,351 [Worker-1: Loading available Gradle versions] INFO  o.e.b.c.i.u.g.PublishedGradleVersions - Gradle version information cache is out-of-date. Trying to update.
2020-10-25 11:46:12,109 [Start Help Server] INFO  org.eclipse.jetty.util.log - Logging initialized @1958276ms to org.eclipse.jetty.util.log.Slf4jLog
2020-10-25 11:46:12,228 [Start Help Server] INFO  org.eclipse.jetty.server.Server - jetty-9.4.31.v20200723; built: 2020-08-03T13:24:06.825Z; git: 450ba27947e13e66baa8cd1ce7e85a4461cacc1d; jvm 15+36-1562
2020-10-25 11:46:12,249 [Start Help Server] INFO  org.eclipse.jetty.server.session - DefaultSessionIdManager workerName=node0
2020-10-25 11:46:12,249 [Start Help Server] INFO  org.eclipse.jetty.server.session - No SessionScavenger set, using defaults
2020-10-25 11:46:12,251 [Start Help Server] INFO  org.eclipse.jetty.server.session - node0 Scavenging every 600000ms
2020-10-25 11:46:12,277 [Start Help Server] INFO  o.e.j.server.handler.ContextHandler - Started o.e.j.s.ServletContextHandler@24b9bbb9{/help,null,AVAILABLE}
2020-10-25 11:46:12,301 [Start Help Server] INFO  o.e.jetty.server.AbstractConnector - Started ServerConnector@6b81c6a6{HTTP/1.1, (http/1.1)}{127.0.0.1:51501}
2020-10-25 11:46:12,302 [Start Help Server] INFO  org.eclipse.jetty.server.Server - Started @1958470ms
2020-10-25 11:46:12,302 [Start Help Server] INFO  org.eclipse.jetty.server.session - node0 Scavenging every 660000ms
2020-10-25 12:36:58,537 [Stop Help Server] INFO  o.e.jetty.server.AbstractConnector - Stopped ServerConnector@6b81c6a6{HTTP/1.1, (http/1.1)}{127.0.0.1:0}
2020-10-25 12:36:58,538 [Stop Help Server] INFO  org.eclipse.jetty.server.session - node0 Stopped scavenging
2020-10-25 12:36:58,545 [Stop Help Server] INFO  o.e.j.server.handler.ContextHandler - Stopped o.e.j.s.ServletContextHandler@24b9bbb9{/help,null,UNAVAILABLE}
2020-10-26 13:02:25,560 [Worker-1: Loading available Gradle versions] INFO  o.e.b.c.i.u.g.PublishedGradleVersions - Gradle version information cache is out-of-date. Trying to update.
2020-10-26 14:26:38,027 [Worker-4: Loading available Gradle versions] INFO  o.e.b.c.i.u.g.PublishedGradleVersions - Gradle version information cache is up-to-date. Trying to read.
2020-10-26 14:51:15,898 [Start Help Server] INFO  org.eclipse.jetty.util.log - Logging initialized @1493610ms to org.eclipse.jetty.util.log.Slf4jLog
2020-10-26 14:51:16,026 [Start Help Server] INFO  org.eclipse.jetty.server.Server - jetty-9.4.31.v20200723; built: 2020-08-03T13:24:06.825Z; git: 450ba27947e13e66baa8cd1ce7e85a4461cacc1d; jvm 15+36-1562
2020-10-26 14:51:16,045 [Start Help Server] INFO  org.eclipse.jetty.server.session - DefaultSessionIdManager workerName=node0
2020-10-26 14:51:16,046 [Start Help Server] INFO  org.eclipse.jetty.server.session - No SessionScavenger set, using defaults
2020-10-26 14:51:16,047 [Start Help Server] INFO  org.eclipse.jetty.server.session - node0 Scavenging every 660000ms
2020-10-26 14:51:16,074 [Start Help Server] INFO  o.e.j.server.handler.ContextHandler - Started o.e.j.s.ServletContextHandler@5aefa3e{/help,null,AVAILABLE}
2020-10-26 14:51:16,094 [Start Help Server] INFO  o.e.jetty.server.AbstractConnector - Started ServerConnector@3b52243{HTTP/1.1, (http/1.1)}{127.0.0.1:64540}
2020-10-26 14:51:16,095 [Start Help Server] INFO  org.eclipse.jetty.server.Server - Started @1493808ms
2020-10-26 14:51:16,095 [Start Help Server] INFO  org.eclipse.jetty.server.session - node0 Scavenging every 660000ms
2020-10-26 15:52:17,705 [Stop Help Server] INFO  o.e.jetty.server.AbstractConnector - Stopped ServerConnector@3b52243{HTTP/1.1, (http/1.1)}{127.0.0.1:0}
2020-10-26 15:52:17,706 [Stop Help Server] INFO  org.eclipse.jetty.server.session - node0 Stopped scavenging
2020-10-26 15:52:17,716 [Stop Help Server] INFO  o.e.j.server.handler.ContextHandler - Stopped o.e.j.s.ServletContextHandler@5aefa3e{/help,null,UNAVAILABLE}
2020-10-28 09:44:09,671 [Worker-2: Loading available Gradle versions] INFO  o.e.b.c.i.u.g.PublishedGradleVersions - Gradle version information cache is out-of-date. Trying to update.
2020-10-28 09:49:05,697 [Start Help Server] INFO  org.eclipse.jetty.util.log - Logging initialized @366913ms to org.eclipse.jetty.util.log.Slf4jLog
2020-10-28 09:49:05,827 [Start Help Server] INFO  org.eclipse.jetty.server.Server - jetty-9.4.31.v20200723; built: 2020-08-03T13:24:06.825Z; git: 450ba27947e13e66baa8cd1ce7e85a4461cacc1d; jvm 15+36-1562
2020-10-28 09:49:05,845 [Start Help Server] INFO  org.eclipse.jetty.server.session - DefaultSessionIdManager workerName=node0
2020-10-28 09:49:05,845 [Start Help Server] INFO  org.eclipse.jetty.server.session - No SessionScavenger set, using defaults
2020-10-28 09:49:05,846 [Start Help Server] INFO  org.eclipse.jetty.server.session - node0 Scavenging every 660000ms
2020-10-28 09:49:05,872 [Start Help Server] INFO  o.e.j.server.handler.ContextHandler - Started o.e.j.s.ServletContextHandler@60ad6bc0{/help,null,AVAILABLE}
2020-10-28 09:49:05,893 [Start Help Server] INFO  o.e.jetty.server.AbstractConnector - Started ServerConnector@67df71e9{HTTP/1.1, (http/1.1)}{127.0.0.1:52013}
2020-10-28 09:49:05,893 [Start Help Server] INFO  org.eclipse.jetty.server.Server - Started @367110ms
2020-10-28 09:49:05,893 [Start Help Server] INFO  org.eclipse.jetty.server.session - node0 Scavenging every 660000ms
2020-10-28 14:42:10,615 [Worker-0: Loading available Gradle versions] INFO  o.e.b.c.i.u.g.PublishedGradleVersions - Gradle version information cache is up-to-date. Trying to read.
2020-10-28 16:12:37,163 [Start Help Server] INFO  org.eclipse.jetty.util.log - Logging initialized @5480360ms to org.eclipse.jetty.util.log.Slf4jLog
2020-10-28 16:12:37,299 [Start Help Server] INFO  org.eclipse.jetty.server.Server - jetty-9.4.31.v20200723; built: 2020-08-03T13:24:06.825Z; git: 450ba27947e13e66baa8cd1ce7e85a4461cacc1d; jvm 15+36-1562
2020-10-28 16:12:37,321 [Start Help Server] INFO  org.eclipse.jetty.server.session - DefaultSessionIdManager workerName=node0
2020-10-28 16:12:37,322 [Start Help Server] INFO  org.eclipse.jetty.server.session - No SessionScavenger set, using defaults
2020-10-28 16:12:37,323 [Start Help Server] INFO  org.eclipse.jetty.server.session - node0 Scavenging every 660000ms
2020-10-28 16:12:37,351 [Start Help Server] INFO  o.e.j.server.handler.ContextHandler - Started o.e.j.s.ServletContextHandler@52f82d0f{/help,null,AVAILABLE}
2020-10-28 16:12:37,379 [Start Help Server] INFO  o.e.jetty.server.AbstractConnector - Started ServerConnector@6e14d68c{HTTP/1.1, (http/1.1)}{127.0.0.1:62629}
2020-10-28 16:12:37,380 [Start Help Server] INFO  org.eclipse.jetty.server.Server - Started @5480578ms
2020-10-28 16:12:37,380 [Start Help Server] INFO  org.eclipse.jetty.server.session - node0 Scavenging every 726000ms
2020-10-28 17:53:13,200 [Stop Help Server] INFO  o.e.jetty.server.AbstractConnector - Stopped ServerConnector@6e14d68c{HTTP/1.1, (http/1.1)}{127.0.0.1:0}
2020-10-28 17:53:13,200 [Stop Help Server] INFO  org.eclipse.jetty.server.session - node0 Stopped scavenging
2020-10-28 17:53:13,210 [Stop Help Server] INFO  o.e.j.server.handler.ContextHandler - Stopped o.e.j.s.ServletContextHandler@52f82d0f{/help,null,UNAVAILABLE}
2020-10-29 12:06:46,381 [Worker-4: Loading available Gradle versions] INFO  o.e.b.c.i.u.g.PublishedGradleVersions - Gradle version information cache is out-of-date. Trying to update.
2020-10-29 12:15:10,325 [Start Help Server] INFO  org.eclipse.jetty.util.log - Logging initialized @577144ms to org.eclipse.jetty.util.log.Slf4jLog
2020-10-29 12:15:10,443 [Start Help Server] INFO  org.eclipse.jetty.server.Server - jetty-9.4.31.v20200723; built: 2020-08-03T13:24:06.825Z; git: 450ba27947e13e66baa8cd1ce7e85a4461cacc1d; jvm 15+36-1562
2020-10-29 12:15:10,464 [Start Help Server] INFO  org.eclipse.jetty.server.session - DefaultSessionIdManager workerName=node0
2020-10-29 12:15:10,464 [Start Help Server] INFO  org.eclipse.jetty.server.session - No SessionScavenger set, using defaults
2020-10-29 12:15:10,465 [Start Help Server] INFO  org.eclipse.jetty.server.session - node0 Scavenging every 660000ms
2020-10-29 12:15:10,492 [Start Help Server] INFO  o.e.j.server.handler.ContextHandler - Started o.e.j.s.ServletContextHandler@2b12ac38{/help,null,AVAILABLE}
2020-10-29 12:15:10,519 [Start Help Server] INFO  o.e.jetty.server.AbstractConnector - Started ServerConnector@22a849f2{HTTP/1.1, (http/1.1)}{127.0.0.1:51565}
2020-10-29 12:15:10,519 [Start Help Server] INFO  org.eclipse.jetty.server.Server - Started @577340ms
2020-10-29 12:15:10,520 [Start Help Server] INFO  org.eclipse.jetty.server.session - node0 Scavenging every 726000ms
2020-10-29 15:43:13,789 [Stop Help Server] INFO  o.e.jetty.server.AbstractConnector - Stopped ServerConnector@22a849f2{HTTP/1.1, (http/1.1)}{127.0.0.1:0}
2020-10-29 15:43:13,790 [Stop Help Server] INFO  org.eclipse.jetty.server.session - node0 Stopped scavenging
2020-10-29 15:43:13,972 [Stop Help Server] INFO  o.e.j.server.handler.ContextHandler - Stopped o.e.j.s.ServletContextHandler@2b12ac38{/help,null,UNAVAILABLE}
2020-10-30 08:02:39,889 [Worker-0: Loading available Gradle versions] INFO  o.e.b.c.i.u.g.PublishedGradleVersions - Gradle version information cache is up-to-date. Trying to read.
2020-11-04 12:42:40,059 [Worker-2: Loading available Gradle versions] INFO  o.e.b.c.i.u.g.PublishedGradleVersions - Gradle version information cache is out-of-date. Trying to update.
2020-11-04 13:02:12,182 [Start Help Server] INFO  org.eclipse.jetty.util.log - Logging initialized @1287446ms to org.eclipse.jetty.util.log.Slf4jLog
2020-11-04 13:02:12,313 [Start Help Server] INFO  org.eclipse.jetty.server.Server - jetty-9.4.31.v20200723; built: 2020-08-03T13:24:06.825Z; git: 450ba27947e13e66baa8cd1ce7e85a4461cacc1d; jvm 15+36-1562
2020-11-04 13:02:12,335 [Start Help Server] INFO  org.eclipse.jetty.server.session - DefaultSessionIdManager workerName=node0
2020-11-04 13:02:12,336 [Start Help Server] INFO  org.eclipse.jetty.server.session - No SessionScavenger set, using defaults
2020-11-04 13:02:12,337 [Start Help Server] INFO  org.eclipse.jetty.server.session - node0 Scavenging every 660000ms
2020-11-04 13:02:12,390 [Start Help Server] INFO  o.e.j.server.handler.ContextHandler - Started o.e.j.s.ServletContextHandler@7a24f924{/help,null,AVAILABLE}
2020-11-04 13:02:12,415 [Start Help Server] INFO  o.e.jetty.server.AbstractConnector - Started ServerConnector@5e6192df{HTTP/1.1, (http/1.1)}{127.0.0.1:49276}
2020-11-04 13:02:12,415 [Start Help Server] INFO  org.eclipse.jetty.server.Server - Started @1287681ms
2020-11-04 13:02:12,415 [Start Help Server] INFO  org.eclipse.jetty.server.session - node0 Scavenging every 660000ms
2020-11-04 15:48:53,012 [Stop Help Server] INFO  o.e.jetty.server.AbstractConnector - Stopped ServerConnector@5e6192df{HTTP/1.1, (http/1.1)}{127.0.0.1:0}
2020-11-04 15:48:53,012 [Stop Help Server] INFO  org.eclipse.jetty.server.session - node0 Stopped scavenging
2020-11-04 15:48:53,020 [Stop Help Server] INFO  o.e.j.server.handler.ContextHandler - Stopped o.e.j.s.ServletContextHandler@7a24f924{/help,null,UNAVAILABLE}
2020-11-05 14:32:16,348 [Worker-4: Loading available Gradle versions] INFO  o.e.b.c.i.u.g.PublishedGradleVersions - Gradle version information cache is out-of-date. Trying to update.
2020-11-06 09:28:22,575 [Worker-2: Loading available Gradle versions] INFO  o.e.b.c.i.u.g.PublishedGradleVersions - Gradle version information cache is up-to-date. Trying to read.
2020-11-06 09:49:21,899 [Worker-0: Loading available Gradle versions] INFO  o.e.b.c.i.u.g.PublishedGradleVersions - Gradle version information cache is up-to-date. Trying to read.
2020-11-06 10:35:46,961 [Start Help Server] INFO  org.eclipse.jetty.util.log - Logging initialized @2801803ms to org.eclipse.jetty.util.log.Slf4jLog
2020-11-06 10:35:47,062 [Start Help Server] INFO  org.eclipse.jetty.server.Server - jetty-9.4.31.v20200723; built: 2020-08-03T13:24:06.825Z; git: 450ba27947e13e66baa8cd1ce7e85a4461cacc1d; jvm 15+36-1562
2020-11-06 10:35:47,079 [Start Help Server] INFO  org.eclipse.jetty.server.session - DefaultSessionIdManager workerName=node0
2020-11-06 10:35:47,081 [Start Help Server] INFO  org.eclipse.jetty.server.session - No SessionScavenger set, using defaults
2020-11-06 10:35:47,082 [Start Help Server] INFO  org.eclipse.jetty.server.session - node0 Scavenging every 600000ms
2020-11-06 10:35:47,102 [Start Help Server] INFO  o.e.j.server.handler.ContextHandler - Started o.e.j.s.ServletContextHandler@365a4615{/help,null,AVAILABLE}
2020-11-06 10:35:47,125 [Start Help Server] INFO  o.e.jetty.server.AbstractConnector - Started ServerConnector@2288f875{HTTP/1.1, (http/1.1)}{127.0.0.1:49836}
2020-11-06 10:35:47,125 [Start Help Server] INFO  org.eclipse.jetty.server.Server - Started @2801970ms
2020-11-06 10:35:47,125 [Start Help Server] INFO  org.eclipse.jetty.server.session - node0 Scavenging every 600000ms
2020-11-06 11:19:26,714 [Stop Help Server] INFO  o.e.jetty.server.AbstractConnector - Stopped ServerConnector@2288f875{HTTP/1.1, (http/1.1)}{127.0.0.1:0}
2020-11-06 11:19:26,714 [Stop Help Server] INFO  org.eclipse.jetty.server.session - node0 Stopped scavenging
2020-11-06 11:19:26,721 [Stop Help Server] INFO  o.e.j.server.handler.ContextHandler - Stopped o.e.j.s.ServletContextHandler@365a4615{/help,null,UNAVAILABLE}
2020-11-06 11:20:43,698 [Worker-3: Loading available Gradle versions] INFO  o.e.b.c.i.u.g.PublishedGradleVersions - Gradle version information cache is up-to-date. Trying to read.
2020-11-06 12:00:51,761 [Start Help Server] INFO  org.eclipse.jetty.util.log - Logging initialized @2446569ms to org.eclipse.jetty.util.log.Slf4jLog
2020-11-06 12:00:51,857 [Start Help Server] INFO  org.eclipse.jetty.server.Server - jetty-9.4.31.v20200723; built: 2020-08-03T13:24:06.825Z; git: 450ba27947e13e66baa8cd1ce7e85a4461cacc1d; jvm 15+36-1562
2020-11-06 12:00:51,875 [Start Help Server] INFO  org.eclipse.jetty.server.session - DefaultSessionIdManager workerName=node0
2020-11-06 12:00:51,875 [Start Help Server] INFO  org.eclipse.jetty.server.session - No SessionScavenger set, using defaults
2020-11-06 12:00:51,876 [Start Help Server] INFO  org.eclipse.jetty.server.session - node0 Scavenging every 660000ms
2020-11-06 12:00:51,899 [Start Help Server] INFO  o.e.j.server.handler.ContextHandler - Started o.e.j.s.ServletContextHandler@48fedb3f{/help,null,AVAILABLE}
2020-11-06 12:00:51,919 [Start Help Server] INFO  o.e.jetty.server.AbstractConnector - Started ServerConnector@1883b3f0{HTTP/1.1, (http/1.1)}{127.0.0.1:50262}
2020-11-06 12:00:51,919 [Start Help Server] INFO  org.eclipse.jetty.server.Server - Started @2446728ms
2020-11-06 12:00:51,919 [Start Help Server] INFO  org.eclipse.jetty.server.session - node0 Scavenging every 660000ms
2020-11-06 12:41:27,204 [Stop Help Server] INFO  o.e.jetty.server.AbstractConnector - Stopped ServerConnector@1883b3f0{HTTP/1.1, (http/1.1)}{127.0.0.1:0}
2020-11-06 12:41:27,205 [Stop Help Server] INFO  org.eclipse.jetty.server.session - node0 Stopped scavenging
2020-11-06 12:41:27,213 [Stop Help Server] INFO  o.e.j.server.handler.ContextHandler - Stopped o.e.j.s.ServletContextHandler@48fedb3f{/help,null,UNAVAILABLE}
2020-11-07 09:29:35,067 [Worker-3: Loading available Gradle versions] INFO  o.e.b.c.i.u.g.PublishedGradleVersions - Gradle version information cache is out-of-date. Trying to update.
2020-11-07 10:12:19,496 [Start Help Server] INFO  org.eclipse.jetty.util.log - Logging initialized @2627421ms to org.eclipse.jetty.util.log.Slf4jLog
2020-11-07 10:12:19,612 [Start Help Server] INFO  org.eclipse.jetty.server.Server - jetty-9.4.31.v20200723; built: 2020-08-03T13:24:06.825Z; git: 450ba27947e13e66baa8cd1ce7e85a4461cacc1d; jvm 15+36-1562
2020-11-07 10:12:19,631 [Start Help Server] INFO  org.eclipse.jetty.server.session - DefaultSessionIdManager workerName=node0
2020-11-07 10:12:19,632 [Start Help Server] INFO  org.eclipse.jetty.server.session - No SessionScavenger set, using defaults
2020-11-07 10:12:19,633 [Start Help Server] INFO  org.eclipse.jetty.server.session - node0 Scavenging every 660000ms
2020-11-07 10:12:19,654 [Start Help Server] INFO  o.e.j.server.handler.ContextHandler - Started o.e.j.s.ServletContextHandler@706eb136{/help,null,AVAILABLE}
2020-11-07 10:12:19,674 [Start Help Server] INFO  o.e.jetty.server.AbstractConnector - Started ServerConnector@48209b59{HTTP/1.1, (http/1.1)}{127.0.0.1:61073}
2020-11-07 10:12:19,674 [Start Help Server] INFO  org.eclipse.jetty.server.Server - Started @2627600ms
2020-11-07 10:12:19,674 [Start Help Server] INFO  org.eclipse.jetty.server.session - node0 Scavenging every 726000ms
2020-11-07 10:49:54,378 [Stop Help Server] INFO  o.e.jetty.server.AbstractConnector - Stopped ServerConnector@48209b59{HTTP/1.1, (http/1.1)}{127.0.0.1:0}
2020-11-07 10:49:54,379 [Stop Help Server] INFO  org.eclipse.jetty.server.session - node0 Stopped scavenging
2020-11-07 10:49:54,387 [Stop Help Server] INFO  o.e.j.server.handler.ContextHandler - Stopped o.e.j.s.ServletContextHandler@706eb136{/help,null,UNAVAILABLE}
2020-11-07 11:11:33,595 [Worker-2: Loading available Gradle versions] INFO  o.e.b.c.i.u.g.PublishedGradleVersions - Gradle version information cache is up-to-date. Trying to read.
2020-11-07 11:13:00,430 [Start Help Server] INFO  org.eclipse.jetty.util.log - Logging initialized @147816ms to org.eclipse.jetty.util.log.Slf4jLog
2020-11-07 11:13:00,560 [Start Help Server] INFO  org.eclipse.jetty.server.Server - jetty-9.4.31.v20200723; built: 2020-08-03T13:24:06.825Z; git: 450ba27947e13e66baa8cd1ce7e85a4461cacc1d; jvm 15+36-1562
2020-11-07 11:13:00,578 [Start Help Server] INFO  org.eclipse.jetty.server.session - DefaultSessionIdManager workerName=node0
2020-11-07 11:13:00,578 [Start Help Server] INFO  org.eclipse.jetty.server.session - No SessionScavenger set, using defaults
2020-11-07 11:13:00,579 [Start Help Server] INFO  org.eclipse.jetty.server.session - node0 Scavenging every 600000ms
2020-11-07 11:13:00,603 [Start Help Server] INFO  o.e.j.server.handler.ContextHandler - Started o.e.j.s.ServletContextHandler@4ad5e17f{/help,null,AVAILABLE}
2020-11-07 11:13:00,623 [Start Help Server] INFO  o.e.jetty.server.AbstractConnector - Started ServerConnector@32ed0ea4{HTTP/1.1, (http/1.1)}{127.0.0.1:50118}
2020-11-07 11:13:00,623 [Start Help Server] INFO  org.eclipse.jetty.server.Server - Started @148010ms
2020-11-07 11:13:00,623 [Start Help Server] INFO  org.eclipse.jetty.server.session - node0 Scavenging every 600000ms
2020-11-07 15:23:06,631 [Stop Help Server] INFO  o.e.jetty.server.AbstractConnector - Stopped ServerConnector@32ed0ea4{HTTP/1.1, (http/1.1)}{127.0.0.1:0}
2020-11-07 15:23:06,632 [Stop Help Server] INFO  org.eclipse.jetty.server.session - node0 Stopped scavenging
2020-11-07 15:23:06,640 [Stop Help Server] INFO  o.e.j.server.handler.ContextHandler - Stopped o.e.j.s.ServletContextHandler@4ad5e17f{/help,null,UNAVAILABLE}
2020-11-09 13:30:13,368 [Worker-4: Loading available Gradle versions] INFO  o.e.b.c.i.u.g.PublishedGradleVersions - Gradle version information cache is up-to-date. Trying to read.
2020-11-12 12:33:59,119 [Worker-3: Loading available Gradle versions] INFO  o.e.b.c.i.u.g.PublishedGradleVersions - Gradle version information cache is out-of-date. Trying to update.
2020-11-13 09:41:00,025 [Worker-0: Loading available Gradle versions] INFO  o.e.b.c.i.u.g.PublishedGradleVersions - Gradle version information cache is up-to-date. Trying to read.
2020-11-16 10:16:43,988 [Worker-5: Loading available Gradle versions] INFO  o.e.b.c.i.u.g.PublishedGradleVersions - Gradle version information cache is out-of-date. Trying to update.
2020-11-16 11:48:28,270 [Start Help Server] INFO  org.eclipse.jetty.util.log - Logging initialized @5557508ms to org.eclipse.jetty.util.log.Slf4jLog
2020-11-16 11:48:28,389 [Start Help Server] INFO  org.eclipse.jetty.server.Server - jetty-9.4.31.v20200723; built: 2020-08-03T13:24:06.825Z; git: 450ba27947e13e66baa8cd1ce7e85a4461cacc1d; jvm 15+36-1562
2020-11-16 11:48:28,410 [Start Help Server] INFO  org.eclipse.jetty.server.session - DefaultSessionIdManager workerName=node0
2020-11-16 11:48:28,411 [Start Help Server] INFO  org.eclipse.jetty.server.session - No SessionScavenger set, using defaults
2020-11-16 11:48:28,412 [Start Help Server] INFO  org.eclipse.jetty.server.session - node0 Scavenging every 600000ms
2020-11-16 11:48:28,437 [Start Help Server] INFO  o.e.j.server.handler.ContextHandler - Started o.e.j.s.ServletContextHandler@139466f{/help,null,AVAILABLE}
2020-11-16 11:48:28,467 [Start Help Server] INFO  o.e.jetty.server.AbstractConnector - Started ServerConnector@4565d674{HTTP/1.1, (http/1.1)}{127.0.0.1:63048}
2020-11-16 11:48:28,467 [Start Help Server] INFO  org.eclipse.jetty.server.Server - Started @5557706ms
2020-11-16 11:48:28,467 [Start Help Server] INFO  org.eclipse.jetty.server.session - node0 Scavenging every 600000ms
2020-11-16 15:48:43,941 [Stop Help Server] INFO  o.e.jetty.server.AbstractConnector - Stopped ServerConnector@4565d674{HTTP/1.1, (http/1.1)}{127.0.0.1:0}
2020-11-16 15:48:43,942 [Stop Help Server] INFO  org.eclipse.jetty.server.session - node0 Stopped scavenging
2020-11-16 15:48:43,950 [Stop Help Server] INFO  o.e.j.server.handler.ContextHandler - Stopped o.e.j.s.ServletContextHandler@139466f{/help,null,UNAVAILABLE}
2020-11-18 10:51:23,377 [Worker-1: Loading available Gradle versions] INFO  o.e.b.c.i.u.g.PublishedGradleVersions - Gradle version information cache is out-of-date. Trying to update.
2020-11-18 11:48:23,303 [Start Help Server] INFO  org.eclipse.jetty.util.log - Logging initialized @3485806ms to org.eclipse.jetty.util.log.Slf4jLog
2020-11-18 11:48:23,463 [Start Help Server] INFO  org.eclipse.jetty.server.Server - jetty-9.4.31.v20200723; built: 2020-08-03T13:24:06.825Z; git: 450ba27947e13e66baa8cd1ce7e85a4461cacc1d; jvm 15+36-1562
2020-11-18 11:48:23,508 [Start Help Server] INFO  org.eclipse.jetty.server.session - DefaultSessionIdManager workerName=node0
2020-11-18 11:48:23,509 [Start Help Server] INFO  org.eclipse.jetty.server.session - No SessionScavenger set, using defaults
2020-11-18 11:48:23,510 [Start Help Server] INFO  org.eclipse.jetty.server.session - node0 Scavenging every 600000ms
2020-11-18 11:48:23,545 [Start Help Server] INFO  o.e.j.server.handler.ContextHandler - Started o.e.j.s.ServletContextHandler@577a0821{/help,null,AVAILABLE}
2020-11-18 11:48:23,575 [Start Help Server] INFO  o.e.jetty.server.AbstractConnector - Started ServerConnector@1556da6c{HTTP/1.1, (http/1.1)}{127.0.0.1:58195}
2020-11-18 11:48:23,579 [Start Help Server] INFO  org.eclipse.jetty.server.Server - Started @3486084ms
2020-11-18 11:48:23,579 [Start Help Server] INFO  org.eclipse.jetty.server.session - node0 Scavenging every 600000ms
2020-11-18 12:58:16,819 [Stop Help Server] INFO  o.e.jetty.server.AbstractConnector - Stopped ServerConnector@1556da6c{HTTP/1.1, (http/1.1)}{127.0.0.1:0}
2020-11-18 12:58:16,819 [Stop Help Server] INFO  org.eclipse.jetty.server.session - node0 Stopped scavenging
2020-11-18 12:58:16,830 [Stop Help Server] INFO  o.e.j.server.handler.ContextHandler - Stopped o.e.j.s.ServletContextHandler@577a0821{/help,null,UNAVAILABLE}
2020-11-20 10:25:38,650 [Worker-0: Loading available Gradle versions] INFO  o.e.b.c.i.u.g.PublishedGradleVersions - Gradle version information cache is out-of-date. Trying to update.
2020-11-20 10:54:47,888 [Start Help Server] INFO  org.eclipse.jetty.util.log - Logging initialized @1808637ms to org.eclipse.jetty.util.log.Slf4jLog
2020-11-20 10:54:48,008 [Start Help Server] INFO  org.eclipse.jetty.server.Server - jetty-9.4.31.v20200723; built: 2020-08-03T13:24:06.825Z; git: 450ba27947e13e66baa8cd1ce7e85a4461cacc1d; jvm 15+36-1562
2020-11-20 10:54:48,027 [Start Help Server] INFO  org.eclipse.jetty.server.session - DefaultSessionIdManager workerName=node0
2020-11-20 10:54:48,027 [Start Help Server] INFO  org.eclipse.jetty.server.session - No SessionScavenger set, using defaults
2020-11-20 10:54:48,028 [Start Help Server] INFO  org.eclipse.jetty.server.session - node0 Scavenging every 660000ms
2020-11-20 10:54:48,054 [Start Help Server] INFO  o.e.j.server.handler.ContextHandler - Started o.e.j.s.ServletContextHandler@4d9d15f{/help,null,AVAILABLE}
2020-11-20 10:54:48,078 [Start Help Server] INFO  o.e.jetty.server.AbstractConnector - Started ServerConnector@28174b2b{HTTP/1.1, (http/1.1)}{127.0.0.1:54114}
2020-11-20 10:54:48,078 [Start Help Server] INFO  org.eclipse.jetty.server.Server - Started @1808828ms
2020-11-20 10:54:48,078 [Start Help Server] INFO  org.eclipse.jetty.server.session - node0 Scavenging every 726000ms
2020-11-20 14:15:24,805 [Stop Help Server] INFO  o.e.jetty.server.AbstractConnector - Stopped ServerConnector@28174b2b{HTTP/1.1, (http/1.1)}{127.0.0.1:0}
2020-11-20 14:15:24,806 [Stop Help Server] INFO  org.eclipse.jetty.server.session - node0 Stopped scavenging
2020-11-20 14:15:24,818 [Stop Help Server] INFO  o.e.j.server.handler.ContextHandler - Stopped o.e.j.s.ServletContextHandler@4d9d15f{/help,null,UNAVAILABLE}
2020-11-23 10:18:20,552 [Worker-0: Loading available Gradle versions] INFO  o.e.b.c.i.u.g.PublishedGradleVersions - Gradle version information cache is out-of-date. Trying to update.
2020-11-23 11:49:58,622 [Start Help Server] INFO  org.eclipse.jetty.util.log - Logging initialized @5665963ms to org.eclipse.jetty.util.log.Slf4jLog
2020-11-23 11:49:58,735 [Start Help Server] INFO  org.eclipse.jetty.server.Server - jetty-9.4.31.v20200723; built: 2020-08-03T13:24:06.825Z; git: 450ba27947e13e66baa8cd1ce7e85a4461cacc1d; jvm 15+36-1562
2020-11-23 11:49:58,755 [Start Help Server] INFO  org.eclipse.jetty.server.session - DefaultSessionIdManager workerName=node0
2020-11-23 11:49:58,755 [Start Help Server] INFO  org.eclipse.jetty.server.session - No SessionScavenger set, using defaults
2020-11-23 11:49:58,756 [Start Help Server] INFO  org.eclipse.jetty.server.session - node0 Scavenging every 660000ms
2020-11-23 11:49:58,780 [Start Help Server] INFO  o.e.j.server.handler.ContextHandler - Started o.e.j.s.ServletContextHandler@455b25e{/help,null,AVAILABLE}
2020-11-23 11:49:58,805 [Start Help Server] INFO  o.e.jetty.server.AbstractConnector - Started ServerConnector@78f9d7e4{HTTP/1.1, (http/1.1)}{127.0.0.1:61375}
2020-11-23 11:49:58,805 [Start Help Server] INFO  org.eclipse.jetty.server.Server - Started @5666147ms
2020-11-23 11:49:58,805 [Start Help Server] INFO  org.eclipse.jetty.server.session - node0 Scavenging every 660000ms
2020-11-23 14:34:11,466 [Stop Help Server] INFO  o.e.jetty.server.AbstractConnector - Stopped ServerConnector@78f9d7e4{HTTP/1.1, (http/1.1)}{127.0.0.1:0}
2020-11-23 14:34:11,466 [Stop Help Server] INFO  org.eclipse.jetty.server.session - node0 Stopped scavenging
2020-11-23 14:34:11,472 [Stop Help Server] INFO  o.e.j.server.handler.ContextHandler - Stopped o.e.j.s.ServletContextHandler@455b25e{/help,null,UNAVAILABLE}
2020-11-25 10:24:44,949 [Worker-0: Loading available Gradle versions] INFO  o.e.b.c.i.u.g.PublishedGradleVersions - Gradle version information cache is out-of-date. Trying to update.
2020-11-25 15:30:35,401 [Start Help Server] INFO  org.eclipse.jetty.util.log - Logging initialized @18472046ms to org.eclipse.jetty.util.log.Slf4jLog
2020-11-25 15:30:35,581 [Start Help Server] INFO  org.eclipse.jetty.server.Server - jetty-9.4.31.v20200723; built: 2020-08-03T13:24:06.825Z; git: 450ba27947e13e66baa8cd1ce7e85a4461cacc1d; jvm 15+36-1562
2020-11-25 15:30:35,601 [Start Help Server] INFO  org.eclipse.jetty.server.session - DefaultSessionIdManager workerName=node0
2020-11-25 15:30:35,601 [Start Help Server] INFO  org.eclipse.jetty.server.session - No SessionScavenger set, using defaults
2020-11-25 15:30:35,602 [Start Help Server] INFO  org.eclipse.jetty.server.session - node0 Scavenging every 660000ms
2020-11-25 15:30:35,625 [Start Help Server] INFO  o.e.j.server.handler.ContextHandler - Started o.e.j.s.ServletContextHandler@1e25798d{/help,null,AVAILABLE}
2020-11-25 15:30:35,649 [Start Help Server] INFO  o.e.jetty.server.AbstractConnector - Started ServerConnector@26bfe48a{HTTP/1.1, (http/1.1)}{127.0.0.1:52150}
2020-11-25 15:30:35,649 [Start Help Server] INFO  org.eclipse.jetty.server.Server - Started @18472304ms
2020-11-25 15:30:35,649 [Start Help Server] INFO  org.eclipse.jetty.server.session - node0 Scavenging every 660000ms
2020-11-25 17:34:13,697 [Stop Help Server] INFO  o.e.jetty.server.AbstractConnector - Stopped ServerConnector@26bfe48a{HTTP/1.1, (http/1.1)}{127.0.0.1:0}
2020-11-25 17:34:13,697 [Stop Help Server] INFO  org.eclipse.jetty.server.session - node0 Stopped scavenging
2020-11-25 17:34:13,706 [Stop Help Server] INFO  o.e.j.server.handler.ContextHandler - Stopped o.e.j.s.ServletContextHandler@1e25798d{/help,null,UNAVAILABLE}
2020-11-26 16:46:14,175 [Worker-0: Loading available Gradle versions] INFO  o.e.b.c.i.u.g.PublishedGradleVersions - Gradle version information cache is out-of-date. Trying to update.
